#
# A fatal error has been detected by the Java Runtime Environment:
#
#  SIGSEGV (0xb) at pc=0x00007fff933544dd, pid=67736, tid=0x0000000000000a0b
#
# JRE version: Java(TM) SE Runtime Environment (8.0_251-b08) (build 1.8.0_251-b08)
# Java VM: Java HotSpot(TM) 64-Bit Server VM (25.251-b08 mixed mode bsd-amd64 compressed oops)
# Problematic frame:
# C  [libobjc.A.dylib+0x14dd]  objc_msgSend+0x1d
#
# Failed to write core dump. Core dumps have been disabled. To enable core dumping, try "ulimit -c unlimited" before starting Java again
#
# If you would like to submit a bug report, please visit:
#   http://bugreport.java.com/bugreport/crash.jsp
# The crash happened outside the Java Virtual Machine in native code.
# See problematic frame for where to report the bug.
#

---------------  T H R E A D  ---------------

Current thread (0x00007fda9b8d0000):  JavaThread "AppKit Thread" daemon [_thread_in_native, id=2571, stack(0x00007fff59298000,0x00007fff59a98000)]

siginfo: si_signo: 11 (SIGSEGV), si_code: 1 (SEGV_MAPERR), si_addr: 0x0000000000000018

Registers:
RAX=0x00007fda9a5683b0, RBX=0x00007fff59a93398, RCX=0x00007fda9ceb35d8, RDX=0x00007fda9f1af1a0
RSP=0x00007fff59a93358, RBP=0x00007fff59a93360, RSI=0x00007fff907bdff9, RDI=0x00007fda9a5683b0
R8 =0x000000000000007f, R9 =0x00007fda9ceaed10, R10=0x00007fff907bdff9, R11=0x0000000000000000
R12=0x00007fda9f1af1a0, R13=0x00007fda9ceaed10, R14=0x00007fda9ceb35d0, R15=0x0000000000000000
RIP=0x00007fff933544dd, EFLAGS=0x0000000000010246, ERR=0x0000000000000004
  TRAPNO=0x000000000000000e

Top of Stack: (sp=0x00007fff59a93358)
0x00007fff59a93358:   00007fff89ba0bbc 00007fff59a93380
0x00007fff59a93368:   00007fff89ba0b4f 0000000000000000
0x00007fff59a93378:   0000000000000000 00007fff59a933f0
0x00007fff59a93388:   00007fff89ba0ac7 00007fff59a933c0
0x00007fff59a93398:   00007fff765a30a0 0000000042000000
0x00007fff59a933a8:   00007fff89ba0b10 00007fff7529f720
0x00007fff59a933b8:   00007fda9ceaed10 00007fda9f1af1a0
0x00007fff59a933c8:   00007fff59a93b98 00007fff753cc780
0x00007fff59a933d8:   00007fff59a93b98 00007fda9ceaed10
0x00007fff59a933e8:   00007fff89f609e2 00007fff59a93430
0x00007fff59a933f8:   00007fff89ba0832 00007fff59a93a10
0x00007fff59a93408:   000000000000000e 00007fff753cc780
0x00007fff59a93418:   00007fff59a93b98 00007fff933544c0
0x00007fff59a93428:   00007fff89f609e2 00007fff59a93b40
0x00007fff59a93438:   00007fff89b5d5e2 00007fda9b005078
0x00007fff59a93448:   00007fda9a83008a 00007fff59a93550
0x00007fff59a93458:   00007fda9a7049c0 00007fda9b005060
0x00007fff59a93468:   00007fff752dcba0 0000000000000000
0x00007fff59a93478:   00007fda9ce8a390 0000000000000000
0x00007fff59a93488:   0000000000000000 00007fff752dcbc0
0x00007fff59a93498:   00007fff59a93a10 0000000000000015
0x00007fff59a934a8:   0000000000000100 00007fff753cc700
0x00007fff59a934b8:   00007fff59a93910 0000000000000000
0x00007fff59a934c8:   0000000000000100 00007fff753cc700
0x00007fff59a934d8:   00007fff753cc780 0000000000000000
0x00007fff59a934e8:   00007fff752a0500 00007fff753cc780
0x00007fff59a934f8:   0000000000000000 00007fff752a0500
0x00007fff59a93508:   00007fda9ceba520 00007fff59a94018
0x00007fff59a93518:   00007fff59a94008 00007fff59a94000
0x00007fff59a93528:   00007fda9b8d0000 00007fff59a93590
0x00007fff59a93538:   00000001068689f5 00007fff59a93800
0x00007fff59a93548:   00007fda9b8d0000 00007fda9a82e2f8 

Instructions: (pc=0x00007fff933544dd)
0x00007fff933544bd:   44 00 00 48 85 ff 2e 74 62 40 f6 c7 01 2e 75 66
0x00007fff933544cd:   49 bb f8 ff ff ff ff 7f 00 00 4c 23 1f 49 89 f2
0x00007fff933544dd:   45 23 53 18 49 c1 e2 04 4d 03 53 10 49 3b 32 75
0x00007fff933544ed:   04 41 ff 62 08 49 83 3a 01 76 0d 49 83 c2 10 49 

Register to memory mapping:

RAX=0x00007fda9a5683b0 is an unknown value
RBX=0x00007fff59a93398 is pointing into the stack for thread: 0x00007fda9b8d0000
RCX=0x00007fda9ceb35d8 is an unknown value
RDX=0x00007fda9f1af1a0 is an unknown value
RSP=0x00007fff59a93358 is pointing into the stack for thread: 0x00007fda9b8d0000
RBP=0x00007fff59a93360 is pointing into the stack for thread: 0x00007fda9b8d0000
RSI=0x00007fff907bdff9 is an unknown value
RDI=0x00007fda9a5683b0 is an unknown value
R8 =0x000000000000007f is an unknown value
R9 =0x00007fda9ceaed10 is an unknown value
R10=0x00007fff907bdff9 is an unknown value
R11=0x0000000000000000 is an unknown value
R12=0x00007fda9f1af1a0 is an unknown value
R13=0x00007fda9ceaed10 is an unknown value
R14=0x00007fda9ceb35d0 is an unknown value
R15=0x0000000000000000 is an unknown value


Stack: [0x00007fff59298000,0x00007fff59a98000],  sp=0x00007fff59a93358,  free space=8172k
Native frames: (J=compiled Java code, j=interpreted, Vv=VM code, C=native code)
C  [libobjc.A.dylib+0x14dd]  objc_msgSend+0x1d
C  [CoreFoundation+0xa0b4f]  ___CFXRegistrationPost_block_invoke+0x3f
C  [CoreFoundation+0xa0ac7]  _CFXRegistrationPost+0x197
C  [CoreFoundation+0xa0832]  ___CFXNotificationPost_block_invoke+0x32
C  [CoreFoundation+0x5d5e2]  -[_CFXNotificationRegistrar find:object:observer:enumerator:]+0x782
C  [CoreFoundation+0x5c835]  _CFXNotificationPost+0x2b5
C  [Foundation+0x717a]  -[NSNotificationCenter postNotificationName:object:userInfo:]+0x42
C  [CoreFoundation+0xa0bbc]  __CFNOTIFICATIONCENTER_IS_CALLING_OUT_TO_AN_OBSERVER__+0xc
C  [CoreFoundation+0xa0b4f]  ___CFXRegistrationPost_block_invoke+0x3f
C  [CoreFoundation+0xaa4ac]  __CFRUNLOOP_IS_CALLING_OUT_TO_A_BLOCK__+0xc
C  [CoreFoundation+0x89d05]  __CFRunLoopDoBlocks+0x155
C  [CoreFoundation+0x89a6b]  __CFRunLoopRun+0x92b
C  [CoreFoundation+0x88ed8]  CFRunLoopRunSpecific+0x128
C  [HIToolbox+0x30935]  RunCurrentEventLoopInMode+0xeb
C  [HIToolbox+0x3076f]  ReceiveNextEventCommon+0x1b0
C  [HIToolbox+0x305af]  _BlockUntilNextEventMatchingListInModeWithFilter+0x47
C  [AppKit+0x48df6]  _DPSNextEvent+0x42b
C  [AppKit+0x48226]  -[NSApplication _nextEventMatchingEventMask:untilDate:inMode:dequeue:]+0x1c6
C  [libosxapp.dylib+0x2328]  -[NSApplicationAWT nextEventMatchingMask:untilDate:inMode:dequeue:]+0x7c
C  [AppKit+0x3cd80]  -[NSApplication run]+0x2aa
C  [libosxapp.dylib+0x1f72]  +[NSApplicationAWT runAWTLoopWithApp:]+0x9c
C  [libawt_lwawt.dylib+0x4803b]  -[AWTStarter starter:]+0x389
C  [Foundation+0x76fde]  __NSThreadPerformPerform+0x117
C  [CoreFoundation+0xaa881]  __CFRUNLOOP_IS_CALLING_OUT_TO_A_SOURCE0_PERFORM_FUNCTION__+0x11
C  [CoreFoundation+0x89fbc]  __CFRunLoopDoSources0+0x22c
C  [CoreFoundation+0x894df]  __CFRunLoopRun+0x39f
C  [CoreFoundation+0x88ed8]  CFRunLoopRunSpecific+0x128
C  [java+0x646e]  CreateExecutionEnvironment+0x367
C  [java+0x203c]  JLI_Launch+0x7a0
C  [java+0x84cb]  main+0x65
C  [java+0x1894]  start+0x34
C  0x0000000000000008


---------------  P R O C E S S  ---------------

Java Threads: ( => current thread )
  0x00007fda9b192000 JavaThread "TimerQueue" daemon [_thread_blocked, id=4911, stack(0x0000700001662000,0x0000700001762000)]
  0x00007fda9b004800 JavaThread "DestroyJavaVM" [_thread_blocked, id=6403, stack(0x000070000011a000,0x000070000021a000)]
  0x00007fda9b061000 JavaThread "AWT-EventQueue-0" [_thread_blocked, id=54819, stack(0x00007000014dc000,0x00007000015dc000)]
  0x00007fda9b8f5800 JavaThread "AWT-Shutdown" [_thread_blocked, id=23843, stack(0x000070000104a000,0x000070000114a000)]
  0x00007fda9b919000 JavaThread "Java2D Disposer" daemon [_thread_blocked, id=53507, stack(0x00007000013d9000,0x00007000014d9000)]
  0x00007fda9b884800 JavaThread "Java2D Queue Flusher" daemon [_thread_blocked, id=50439, stack(0x00007000012d6000,0x00007000013d6000)]
=>0x00007fda9b8d0000 JavaThread "AppKit Thread" daemon [_thread_in_native, id=2571, stack(0x00007fff59298000,0x00007fff59a98000)]
  0x00007fda9b824000 JavaThread "Service Thread" daemon [_thread_blocked, id=18435, stack(0x0000700000dc1000,0x0000700000ec1000)]
  0x00007fda9b823800 JavaThread "C1 CompilerThread2" daemon [_thread_blocked, id=17923, stack(0x0000700000cbe000,0x0000700000dbe000)]
  0x00007fda9b822800 JavaThread "C2 CompilerThread1" daemon [_thread_blocked, id=17411, stack(0x0000700000bbb000,0x0000700000cbb000)]
  0x00007fda9b811000 JavaThread "C2 CompilerThread0" daemon [_thread_blocked, id=16899, stack(0x0000700000ab8000,0x0000700000bb8000)]
  0x00007fda9b807800 JavaThread "Signal Dispatcher" daemon [_thread_blocked, id=15367, stack(0x00007000009b5000,0x0000700000ab5000)]
  0x00007fda9a832800 JavaThread "Finalizer" daemon [_thread_blocked, id=12803, stack(0x000070000082f000,0x000070000092f000)]
  0x00007fda9a82a800 JavaThread "Reference Handler" daemon [_thread_blocked, id=12291, stack(0x000070000072c000,0x000070000082c000)]

Other Threads:
  0x00007fda9b01d000 VMThread [stack: 0x0000700000629000,0x0000700000729000] [id=11779]
  0x00007fda9b020000 WatcherThread [stack: 0x0000700000ec4000,0x0000700000fc4000] [id=18947]

VM state:not at safepoint (normal execution)

VM Mutex/Monitor currently owned by a thread: None

heap address: 0x00000006c0000000, size: 4096 MB, Compressed Oops mode: Zero based, Oop shift amount: 3
Narrow klass base: 0x0000000000000000, Narrow klass shift: 3
Compressed class space size: 1073741824 Address: 0x00000007c0000000

Heap:
 PSYoungGen      total 76288K, used 30148K [0x000000076ab00000, 0x0000000770000000, 0x00000007c0000000)
  eden space 65536K, 46% used [0x000000076ab00000,0x000000076c871348,0x000000076eb00000)
  from space 10752K, 0% used [0x000000076f580000,0x000000076f580000,0x0000000770000000)
  to   space 10752K, 0% used [0x000000076eb00000,0x000000076eb00000,0x000000076f580000)
 ParOldGen       total 175104K, used 0K [0x00000006c0000000, 0x00000006cab00000, 0x000000076ab00000)
  object space 175104K, 0% used [0x00000006c0000000,0x00000006c0000000,0x00000006cab00000)
 Metaspace       used 15241K, capacity 15594K, committed 15872K, reserved 1062912K
  class space    used 2060K, capacity 2183K, committed 2304K, reserved 1048576K

Card table byte_map: [0x0000000116fc0000,0x00000001177c1000] byte_map_base: 0x00000001139c0000

Marking Bits: (ParMarkBitMap*) 0x0000000106ce6f60
 Begin Bits: [0x0000000117d17000, 0x000000011bd17000)
 End Bits:   [0x000000011bd17000, 0x000000011fd17000)

Polling page: 0x00000001073ec000

CodeCache: size=245760Kb used=5337Kb max_used=5337Kb free=240422Kb
 bounds [0x0000000107c00000, 0x0000000108140000, 0x0000000116c00000]
 total_blobs=2170 nmethods=1590 adapters=492
 compilation: enabled

Compilation events (10 events):
Event: 78.227 Thread 0x00007fda9b823800 1616       3       java.awt.Component::processMouseMotionEvent (58 bytes)
Event: 78.227 Thread 0x00007fda9b823800 nmethod 1616 0x0000000108137b10 code [0x0000000108137ca0, 0x0000000108138078]
Event: 78.421 Thread 0x00007fda9b823800 1618   !   3       sun.lwawt.LWWindowPeer::getSurfaceData (19 bytes)
Event: 78.421 Thread 0x00007fda9b823800 nmethod 1618 0x00000001081375d0 code [0x0000000108137740, 0x0000000108137a30]
Event: 78.421 Thread 0x00007fda9b823800 1619       3       java.awt.Window::isOpaque (29 bytes)
Event: 78.422 Thread 0x00007fda9b823800 nmethod 1619 0x0000000108136c10 code [0x0000000108136dc0, 0x00000001081373f8]
Event: 78.422 Thread 0x00007fda9b823800 1617   !   3       javax.swing.JComponent::fetchRectangle (58 bytes)
Event: 78.423 Thread 0x00007fda9b823800 nmethod 1617 0x0000000108135ed0 code [0x00000001081360a0, 0x0000000108136858]
Event: 79.182 Thread 0x00007fda9b823800 1620       1       sun.lwawt.LWWindowPeer::getWindowPeerOrSelf (2 bytes)
Event: 79.182 Thread 0x00007fda9b823800 nmethod 1620 0x0000000108135c10 code [0x0000000108135d60, 0x0000000108135e70]

GC Heap History (0 events):
No events

Deoptimization events (9 events):
Event: 30.963 Thread 0x00007fda9b061000 Uncommon trap: reason=unstable_if action=reinterpret pc=0x0000000107e1b740 method=java.lang.String.toLowerCase(Ljava/util/Locale;)Ljava/lang/String; @ 85
Event: 39.396 Thread 0x00007fda9b061000 Uncommon trap: reason=class_check action=maybe_recompile pc=0x0000000107d6f998 method=java.lang.String.equals(Ljava/lang/Object;)Z @ 8
Event: 39.396 Thread 0x00007fda9b061000 Uncommon trap: reason=class_check action=maybe_recompile pc=0x0000000107d6f998 method=java.lang.String.equals(Ljava/lang/Object;)Z @ 8
Event: 39.400 Thread 0x00007fda9b061000 Uncommon trap: reason=class_check action=maybe_recompile pc=0x0000000107d6f998 method=java.lang.String.equals(Ljava/lang/Object;)Z @ 8
Event: 39.400 Thread 0x00007fda9b061000 Uncommon trap: reason=class_check action=maybe_recompile pc=0x0000000107d6f998 method=java.lang.String.equals(Ljava/lang/Object;)Z @ 8
Event: 58.360 Thread 0x00007fda9b8d0000 Uncommon trap: reason=unstable_if action=reinterpret pc=0x0000000107e025a0 method=java.lang.CharacterData.of(I)Ljava/lang/CharacterData; @ 4
Event: 71.529 Thread 0x00007fda9b061000 Uncommon trap: reason=unstable_if action=reinterpret pc=0x0000000107eaf730 method=java.awt.Component.inside(II)Z @ 1
Event: 71.813 Thread 0x00007fda9b061000 Uncommon trap: reason=unstable_if action=reinterpret pc=0x0000000107e2d9ec method=java.lang.String.<init>([CII)V @ 18
Event: 72.326 Thread 0x00007fda9b061000 Uncommon trap: reason=unstable_if action=reinterpret pc=0x0000000107df3008 method=java.lang.String.replace(CC)Ljava/lang/String; @ 26

Classes redefined (0 events):
No events

Internal exceptions (10 events):
Event: 19.771 Thread 0x00007fda9b004800 Exception <a 'java/lang/ClassNotFoundException': ToggleButton> (0x000000076b6ac9f8) thrown at [/jenkins/workspace/8-2-build-macosx-x86_64/jdk8u251/737/hotspot/src/share/vm/classfile/systemDictionary.cpp, line 210]
Event: 19.771 Thread 0x00007fda9b004800 Exception <a 'java/lang/ClassNotFoundException': javax/swing/JToolBarSeparator> (0x000000076b6ace58) thrown at [/jenkins/workspace/8-2-build-macosx-x86_64/jdk8u251/737/hotspot/src/share/vm/classfile/systemDictionary.cpp, line 210]
Event: 19.771 Thread 0x00007fda9b004800 Exception <a 'java/lang/ClassNotFoundException': ToolBarSeparator> (0x000000076b6ad2f0) thrown at [/jenkins/workspace/8-2-build-macosx-x86_64/jdk8u251/737/hotspot/src/share/vm/classfile/systemDictionary.cpp, line 210]
Event: 19.771 Thread 0x00007fda9b004800 Exception <a 'java/lang/ClassNotFoundException': ToolTip> (0x000000076b6ada30) thrown at [/jenkins/workspace/8-2-build-macosx-x86_64/jdk8u251/737/hotspot/src/share/vm/classfile/systemDictionary.cpp, line 210]
Event: 19.773 Thread 0x00007fda9b004800 Exception <a 'java/lang/ClassNotFoundException': Tree> (0x000000076b6ae650) thrown at [/jenkins/workspace/8-2-build-macosx-x86_64/jdk8u251/737/hotspot/src/share/vm/classfile/systemDictionary.cpp, line 210]
Event: 19.773 Thread 0x00007fda9b004800 Exception <a 'java/lang/ClassNotFoundException': Tree> (0x000000076b6aed90) thrown at [/jenkins/workspace/8-2-build-macosx-x86_64/jdk8u251/737/hotspot/src/share/vm/classfile/systemDictionary.cpp, line 210]
Event: 19.773 Thread 0x00007fda9b004800 Exception <a 'java/lang/ClassNotFoundException': javax/swing/JTreeCell> (0x000000076b6af110) thrown at [/jenkins/workspace/8-2-build-macosx-x86_64/jdk8u251/737/hotspot/src/share/vm/classfile/systemDictionary.cpp, line 210]
Event: 19.773 Thread 0x00007fda9b004800 Exception <a 'java/lang/ClassNotFoundException': TreeCell> (0x000000076b6af598) thrown at [/jenkins/workspace/8-2-build-macosx-x86_64/jdk8u251/737/hotspot/src/share/vm/classfile/systemDictionary.cpp, line 210]
Event: 19.774 Thread 0x00007fda9b004800 Exception <a 'java/lang/ClassNotFoundException': RootPane> (0x000000076b6afff8) thrown at [/jenkins/workspace/8-2-build-macosx-x86_64/jdk8u251/737/hotspot/src/share/vm/classfile/systemDictionary.cpp, line 210]
Event: 71.852 Thread 0x00007fda9b061000 Exception <a 'java/lang/NullPointerException'> (0x000000076bec94b0) thrown at [/jenkins/workspace/8-2-build-macosx-x86_64/jdk8u251/737/hotspot/src/share/vm/prims/jni.cpp, line 736]

Events (10 events):
Event: 76.556 loading class sun/util/locale/provider/CalendarNameProviderImpl$LengthBasedComparator
Event: 76.556 loading class sun/util/locale/provider/CalendarNameProviderImpl$LengthBasedComparator done
Event: 76.556 loading class java/util/TreeMap$Entry
Event: 76.556 loading class java/util/TreeMap$Entry done
Event: 76.556 loading class java/util/TreeMap$EntrySet
Event: 76.556 loading class java/util/TreeMap$EntrySet done
Event: 76.557 loading class java/util/TreeMap$EntryIterator
Event: 76.557 loading class java/util/TreeMap$PrivateEntryIterator
Event: 76.557 loading class java/util/TreeMap$PrivateEntryIterator done
Event: 76.557 loading class java/util/TreeMap$EntryIterator done


Dynamic libraries:
0x00007fff85202000 	/System/Library/Frameworks/Cocoa.framework/Versions/A/Cocoa
0x00007fff8bc8e000 	/System/Library/Frameworks/Security.framework/Versions/A/Security
0x00007fff853fa000 	/System/Library/Frameworks/ApplicationServices.framework/Versions/A/ApplicationServices
0x00007fff8cf20000 	/usr/lib/libz.1.dylib
0x00007fff9766b000 	/usr/lib/libSystem.B.dylib
0x00007fff93353000 	/usr/lib/libobjc.A.dylib
0x00007fff89b00000 	/System/Library/Frameworks/CoreFoundation.framework/Versions/A/CoreFoundation
0x00007fff96307000 	/System/Library/Frameworks/Foundation.framework/Versions/C/Foundation
0x00007fff96800000 	/System/Library/Frameworks/AppKit.framework/Versions/C/AppKit
0x00007fff89123000 	/System/Library/Frameworks/CoreData.framework/Versions/A/CoreData
0x00007fff8b793000 	/System/Library/PrivateFrameworks/RemoteViewServices.framework/Versions/A/RemoteViewServices
0x00007fff85240000 	/System/Library/PrivateFrameworks/UIFoundation.framework/Versions/A/UIFoundation
0x00007fff874ee000 	/usr/lib/libScreenReader.dylib
0x00007fff85c70000 	/System/Library/Frameworks/Accelerate.framework/Versions/A/Accelerate
0x00007fff8b78f000 	/System/Library/Frameworks/IOSurface.framework/Versions/A/IOSurface
0x00007fff85903000 	/System/Library/Frameworks/AudioToolbox.framework/Versions/A/AudioToolbox
0x00007fff8de37000 	/System/Library/Frameworks/AudioUnit.framework/Versions/A/AudioUnit
0x00007fff90f28000 	/System/Library/PrivateFrameworks/DataDetectorsCore.framework/Versions/A/DataDetectorsCore
0x00007fff8f189000 	/System/Library/PrivateFrameworks/DesktopServicesPriv.framework/Versions/A/DesktopServicesPriv
0x00007fff8ff5b000 	/System/Library/Frameworks/Carbon.framework/Versions/A/Frameworks/HIToolbox.framework/Versions/A/HIToolbox
0x00007fff97fa0000 	/System/Library/Frameworks/QuartzCore.framework/Versions/A/QuartzCore
0x00007fff91da0000 	/System/Library/Frameworks/Carbon.framework/Versions/A/Frameworks/SpeechRecognition.framework/Versions/A/SpeechRecognition
0x00007fff894ab000 	/usr/lib/libauto.dylib
0x00007fff94840000 	/usr/lib/libicucore.A.dylib
0x00007fff83365000 	/usr/lib/libxml2.2.dylib
0x00007fff86f24000 	/System/Library/PrivateFrameworks/CoreUI.framework/Versions/A/CoreUI
0x00007fff8d2de000 	/System/Library/Frameworks/CoreAudio.framework/Versions/A/CoreAudio
0x00007fff90a1e000 	/System/Library/Frameworks/DiskArbitration.framework/Versions/A/DiskArbitration
0x00007fff8f4a8000 	/usr/lib/liblangid.dylib
0x00007fff998f6000 	/System/Library/PrivateFrameworks/MultitouchSupport.framework/Versions/A/MultitouchSupport
0x00007fff8b9d9000 	/System/Library/Frameworks/IOKit.framework/Versions/A/IOKit
0x00007fff8a150000 	/usr/lib/libDiagnosticMessagesClient.dylib
0x00007fff8a7dd000 	/System/Library/Frameworks/CoreServices.framework/Versions/A/CoreServices
0x00007fff937e8000 	/System/Library/PrivateFrameworks/PerformanceAnalysis.framework/Versions/A/PerformanceAnalysis
0x00007fff92312000 	/System/Library/PrivateFrameworks/GenerationalStorage.framework/Versions/A/GenerationalStorage
0x00007fff908c5000 	/System/Library/Frameworks/OpenGL.framework/Versions/A/OpenGL
0x00007fff84a4a000 	/System/Library/PrivateFrameworks/Sharing.framework/Versions/A/Sharing
0x00007fff94b0f000 	/System/Library/Frameworks/CoreGraphics.framework/Versions/A/CoreGraphics
0x00007fff928a3000 	/System/Library/Frameworks/CoreImage.framework/Versions/A/CoreImage
0x00007fff936b6000 	/System/Library/Frameworks/CoreText.framework/Versions/A/CoreText
0x00007fff8e072000 	/System/Library/Frameworks/ImageIO.framework/Versions/A/ImageIO
0x00007fff893fa000 	/System/Library/PrivateFrameworks/Backup.framework/Versions/A/Backup
0x00007fff893da000 	/usr/lib/libextension.dylib
0x00007fff89f8d000 	/usr/lib/libarchive.2.dylib
0x00007fff8ee78000 	/System/Library/Frameworks/CFNetwork.framework/Versions/A/CFNetwork
0x00007fff86e8a000 	/System/Library/Frameworks/SystemConfiguration.framework/Versions/A/SystemConfiguration
0x00007fff8de38000 	/usr/lib/libCRFSuite.dylib
0x00007fff96107000 	/usr/lib/libc++.1.dylib
0x00007fff87e93000 	/usr/lib/libc++abi.dylib
0x00007fff8fe7f000 	/usr/lib/system/libcache.dylib
0x00007fff90b8c000 	/usr/lib/system/libcommonCrypto.dylib
0x00007fff8aa02000 	/usr/lib/system/libcompiler_rt.dylib
0x00007fff8c9cb000 	/usr/lib/system/libcopyfile.dylib
0x00007fff854ae000 	/usr/lib/system/libcorecrypto.dylib
0x00007fff90c3e000 	/usr/lib/system/libdispatch.dylib
0x00007fff8ea75000 	/usr/lib/system/libdyld.dylib
0x00007fff884be000 	/usr/lib/system/libkeymgr.dylib
0x00007fff90f98000 	/usr/lib/system/liblaunch.dylib
0x00007fff8aed5000 	/usr/lib/system/libmacho.dylib
0x00007fff9626b000 	/usr/lib/system/libquarantine.dylib
0x00007fff97a89000 	/usr/lib/system/libremovefile.dylib
0x00007fff96043000 	/usr/lib/system/libsystem_asl.dylib
0x00007fff922a5000 	/usr/lib/system/libsystem_blocks.dylib
0x00007fff91d12000 	/usr/lib/system/libsystem_c.dylib
0x00007fff998c3000 	/usr/lib/system/libsystem_configuration.dylib
0x00007fff92b67000 	/usr/lib/system/libsystem_coreservices.dylib
0x00007fff85ebb000 	/usr/lib/system/libsystem_coretls.dylib
0x00007fff87f10000 	/usr/lib/system/libsystem_dnssd.dylib
0x00007fff915e2000 	/usr/lib/system/libsystem_info.dylib
0x00007fff960c0000 	/usr/lib/system/libsystem_kernel.dylib
0x00007fff8ee45000 	/usr/lib/system/libsystem_m.dylib
0x00007fff85527000 	/usr/lib/system/libsystem_malloc.dylib
0x00007fff98199000 	/usr/lib/system/libsystem_network.dylib
0x00007fff8ca53000 	/usr/lib/system/libsystem_networkextension.dylib
0x00007fff926d6000 	/usr/lib/system/libsystem_notify.dylib
0x00007fff8ba4f000 	/usr/lib/system/libsystem_platform.dylib
0x00007fff91a62000 	/usr/lib/system/libsystem_pthread.dylib
0x00007fff92ac8000 	/usr/lib/system/libsystem_sandbox.dylib
0x00007fff998c6000 	/usr/lib/system/libsystem_secinit.dylib
0x00007fff874f3000 	/usr/lib/system/libsystem_trace.dylib
0x00007fff85526000 	/usr/lib/system/libunc.dylib
0x00007fff883f6000 	/usr/lib/system/libunwind.dylib
0x00007fff91a38000 	/usr/lib/system/libxpc.dylib
0x00007fff90967000 	/usr/lib/libenergytrace.dylib
0x00007fff983ce000 	/usr/lib/libbsm.0.dylib
0x00007fff97acb000 	/usr/lib/system/libkxld.dylib
0x00007fff84601000 	/usr/lib/libxar.1.dylib
0x00007fff9820f000 	/usr/lib/libsqlite3.dylib
0x00007fff9816f000 	/usr/lib/libpam.2.dylib
0x00007fff90e6b000 	/usr/lib/libOpenScriptingUtil.dylib
0x00007fff94abe000 	/usr/lib/libbz2.1.0.dylib
0x00007fff8c9d4000 	/usr/lib/liblzma.5.dylib
0x00007fff90968000 	/System/Library/Frameworks/CoreServices.framework/Versions/A/Frameworks/FSEvents.framework/Versions/A/FSEvents
0x00007fff8ca85000 	/System/Library/Frameworks/CoreServices.framework/Versions/A/Frameworks/CarbonCore.framework/Versions/A/CarbonCore
0x00007fff887e5000 	/System/Library/Frameworks/CoreServices.framework/Versions/A/Frameworks/Metadata.framework/Versions/A/Metadata
0x00007fff8cdb0000 	/System/Library/Frameworks/CoreServices.framework/Versions/A/Frameworks/OSServices.framework/Versions/A/OSServices
0x00007fff94a4e000 	/System/Library/Frameworks/CoreServices.framework/Versions/A/Frameworks/SearchKit.framework/Versions/A/SearchKit
0x00007fff974c9000 	/System/Library/Frameworks/CoreServices.framework/Versions/A/Frameworks/AE.framework/Versions/A/AE
0x00007fff8e506000 	/System/Library/Frameworks/CoreServices.framework/Versions/A/Frameworks/LaunchServices.framework/Versions/A/LaunchServices
0x00007fff87f1a000 	/System/Library/Frameworks/CoreServices.framework/Versions/A/Frameworks/DictionaryServices.framework/Versions/A/DictionaryServices
0x00007fff97574000 	/System/Library/Frameworks/CoreServices.framework/Versions/A/Frameworks/SharedFileList.framework/Versions/A/SharedFileList
0x00007fff91513000 	/System/Library/Frameworks/NetFS.framework/Versions/A/NetFS
0x00007fff8a972000 	/System/Library/PrivateFrameworks/NetAuth.framework/Versions/A/NetAuth
0x00007fff8e46b000 	/System/Library/PrivateFrameworks/login.framework/Versions/A/Frameworks/loginsupport.framework/Versions/A/loginsupport
0x00007fff9742a000 	/System/Library/PrivateFrameworks/TCC.framework/Versions/A/TCC
0x00007fff99523000 	/usr/lib/libmecabra.dylib
0x00007fff8de70000 	/System/Library/Frameworks/ApplicationServices.framework/Versions/A/Frameworks/ATS.framework/Versions/A/ATS
0x00007fff932bc000 	/System/Library/Frameworks/ApplicationServices.framework/Versions/A/Frameworks/ColorSync.framework/Versions/A/ColorSync
0x00007fff8aeff000 	/System/Library/Frameworks/ApplicationServices.framework/Versions/A/Frameworks/HIServices.framework/Versions/A/HIServices
0x00007fff960ad000 	/System/Library/Frameworks/ApplicationServices.framework/Versions/A/Frameworks/LangAnalysis.framework/Versions/A/LangAnalysis
0x00007fff994d0000 	/System/Library/Frameworks/ApplicationServices.framework/Versions/A/Frameworks/PrintCore.framework/Versions/A/PrintCore
0x00007fff97f30000 	/System/Library/Frameworks/ApplicationServices.framework/Versions/A/Frameworks/QD.framework/Versions/A/QD
0x00007fff90c00000 	/System/Library/Frameworks/ApplicationServices.framework/Versions/A/Frameworks/SpeechSynthesis.framework/Versions/A/SpeechSynthesis
0x00007fff8ca10000 	/System/Library/Frameworks/Metal.framework/Versions/A/Metal
0x00007fff8802e000 	/System/Library/Frameworks/Accelerate.framework/Versions/A/Frameworks/vImage.framework/Versions/A/vImage
0x00007fff8fe01000 	/System/Library/Frameworks/Accelerate.framework/Versions/A/Frameworks/vecLib.framework/Versions/A/vecLib
0x00007fff8adc5000 	/System/Library/Frameworks/Accelerate.framework/Versions/A/Frameworks/vecLib.framework/Versions/A/libvDSP.dylib
0x00007fff97ad7000 	/System/Library/Frameworks/Accelerate.framework/Versions/A/Frameworks/vecLib.framework/Versions/A/libvMisc.dylib
0x00007fff870d7000 	/System/Library/Frameworks/Accelerate.framework/Versions/A/Frameworks/vecLib.framework/Versions/A/libLAPACK.dylib
0x00007fff90a24000 	/System/Library/Frameworks/Accelerate.framework/Versions/A/Frameworks/vecLib.framework/Versions/A/libBLAS.dylib
0x00007fff91cfb000 	/System/Library/Frameworks/Accelerate.framework/Versions/A/Frameworks/vecLib.framework/Versions/A/libLinearAlgebra.dylib
0x00007fff8e4f4000 	/System/Library/Frameworks/Accelerate.framework/Versions/A/Frameworks/vecLib.framework/Versions/A/libSparseBLAS.dylib
0x00007fff90975000 	/System/Library/PrivateFrameworks/GPUCompiler.framework/libmetal_timestamp.dylib
0x00007fff90d6e000 	/System/Library/Frameworks/OpenGL.framework/Versions/A/Libraries/libCoreFSCache.dylib
0x00007fff8ca7e000 	/System/Library/PrivateFrameworks/IOAccelerator.framework/Versions/A/IOAccelerator
0x00007fff8ce23000 	/System/Library/Frameworks/ApplicationServices.framework/Versions/A/Frameworks/ATS.framework/Versions/A/Resources/libFontParser.dylib
0x00007fff8a10a000 	/System/Library/Frameworks/ApplicationServices.framework/Versions/A/Frameworks/ATS.framework/Versions/A/Resources/libFontRegistry.dylib
0x00007fff9608f000 	/System/Library/PrivateFrameworks/AppleVPA.framework/Versions/A/AppleVPA
0x00007fff92ad9000 	/System/Library/PrivateFrameworks/AppleJPEG.framework/Versions/A/AppleJPEG
0x00007fff9328e000 	/System/Library/Frameworks/ImageIO.framework/Versions/A/Resources/libJPEG.dylib
0x00007fff93948000 	/System/Library/Frameworks/ImageIO.framework/Versions/A/Resources/libTIFF.dylib
0x00007fff8876c000 	/System/Library/Frameworks/ImageIO.framework/Versions/A/Resources/libPng.dylib
0x00007fff8e79e000 	/System/Library/Frameworks/ImageIO.framework/Versions/A/Resources/libGIF.dylib
0x00007fff8e861000 	/System/Library/Frameworks/ImageIO.framework/Versions/A/Resources/libJP2.dylib
0x00007fff99953000 	/System/Library/Frameworks/ImageIO.framework/Versions/A/Resources/libRadiance.dylib
0x00007fff997ca000 	/System/Library/Frameworks/CoreVideo.framework/Versions/A/CoreVideo
0x00007fff8d330000 	/System/Library/Frameworks/OpenGL.framework/Versions/A/Libraries/libGLU.dylib
0x00007fff8e62e000 	/System/Library/Frameworks/OpenGL.framework/Versions/A/Libraries/libGFXShared.dylib
0x00007fff8e7b3000 	/System/Library/Frameworks/OpenGL.framework/Versions/A/Libraries/libGL.dylib
0x00007fff90886000 	/System/Library/Frameworks/OpenGL.framework/Versions/A/Libraries/libGLImage.dylib
0x00007fff8a107000 	/System/Library/Frameworks/OpenGL.framework/Versions/A/Libraries/libCVMSPluginSupport.dylib
0x00007fff918c6000 	/System/Library/Frameworks/OpenGL.framework/Versions/A/Libraries/libCoreVMClient.dylib
0x00007fff9991b000 	/usr/lib/libcompression.dylib
0x00007fff87e41000 	/usr/lib/libcups.2.dylib
0x00007fff8543e000 	/System/Library/Frameworks/Kerberos.framework/Versions/A/Kerberos
0x00007fff883c4000 	/System/Library/Frameworks/GSS.framework/Versions/A/GSS
0x00007fff89fc3000 	/usr/lib/libresolv.9.dylib
0x00007fff920d8000 	/usr/lib/libiconv.2.dylib
0x00007fff8fe02000 	/System/Library/PrivateFrameworks/Heimdal.framework/Versions/A/Heimdal
0x00007fff8df75000 	/usr/lib/libheimdal-asn1.dylib
0x00007fff8a38b000 	/System/Library/Frameworks/OpenDirectory.framework/Versions/A/OpenDirectory
0x00007fff89fb9000 	/System/Library/PrivateFrameworks/CommonAuth.framework/Versions/A/CommonAuth
0x00007fff983af000 	/System/Library/Frameworks/OpenDirectory.framework/Versions/A/Frameworks/CFOpenDirectory.framework/Versions/A/CFOpenDirectory
0x00007fff8354d000 	/System/Library/Frameworks/SecurityFoundation.framework/Versions/A/SecurityFoundation
0x00007fff90e6c000 	/System/Library/PrivateFrameworks/LanguageModeling.framework/Versions/A/LanguageModeling
0x00007fff8bc64000 	/usr/lib/libmarisa.dylib
0x00007fff97622000 	/usr/lib/libChineseTokenizer.dylib
0x00007fff89f77000 	/usr/lib/libcmph.dylib
0x00007fff890e5000 	/System/Library/Frameworks/ServiceManagement.framework/Versions/A/ServiceManagement
0x00007fff88004000 	/usr/lib/libxslt.1.dylib
0x00007fff8cf32000 	/System/Library/Frameworks/Carbon.framework/Versions/A/Frameworks/Ink.framework/Versions/A/Ink
0x00007fff8ba58000 	/usr/lib/libFosl_dynamic.dylib
0x00007fff92bef000 	/System/Library/PrivateFrameworks/FaceCore.framework/Versions/A/FaceCore
0x00007fff8a9b2000 	/System/Library/Frameworks/OpenCL.framework/Versions/A/OpenCL
0x00007fff853bf000 	/System/Library/PrivateFrameworks/CrashReporterSupport.framework/Versions/A/CrashReporterSupport
0x00007fff85203000 	/System/Library/PrivateFrameworks/IconServices.framework/Versions/A/IconServices
0x00007fff97f10000 	/System/Library/PrivateFrameworks/Apple80211.framework/Versions/A/Apple80211
0x00007fff8b7cc000 	/System/Library/Frameworks/CoreWLAN.framework/Versions/A/CoreWLAN
0x00007fff857b4000 	/System/Library/Frameworks/IOBluetooth.framework/Versions/A/IOBluetooth
0x00007fff8706f000 	/System/Library/PrivateFrameworks/CoreWiFi.framework/Versions/A/CoreWiFi
0x00007fff97bae000 	/System/Library/Frameworks/CoreBluetooth.framework/Versions/A/CoreBluetooth
0x00007fff83461000 	/System/Library/PrivateFrameworks/ChunkingLibrary.framework/Versions/A/ChunkingLibrary
0x00007fff90d72000 	/System/Library/PrivateFrameworks/DebugSymbols.framework/Versions/A/DebugSymbols
0x00007fff8dedf000 	/System/Library/PrivateFrameworks/CoreSymbolication.framework/Versions/A/CoreSymbolication
0x00007fff8d12b000 	/System/Library/PrivateFrameworks/Symbolication.framework/Versions/A/Symbolication
0x00007fff89ae3000 	/System/Library/PrivateFrameworks/SpeechRecognitionCore.framework/Versions/A/SpeechRecognitionCore
0x00000001063e6000 	/Library/Java/JavaVirtualMachines/jdk1.8.0_251.jdk/Contents/Home/jre/lib/server/libjvm.dylib
0x00007fff938cf000 	/usr/lib/libstdc++.6.dylib
0x00000001073a8000 	/Library/Java/JavaVirtualMachines/jdk1.8.0_251.jdk/Contents/Home/jre/lib/libverify.dylib
0x00000001073b6000 	/Library/Java/JavaVirtualMachines/jdk1.8.0_251.jdk/Contents/Home/jre/lib/libjava.dylib
0x00000001073f6000 	/Library/Java/JavaVirtualMachines/jdk1.8.0_251.jdk/Contents/Home/jre/lib/libzip.dylib
0x0000000123952000 	/Library/Java/JavaVirtualMachines/jdk1.8.0_251.jdk/Contents/Home/jre/lib/libawt.dylib
0x00000001239fb000 	/Library/Java/JavaVirtualMachines/jdk1.8.0_251.jdk/Contents/Home/jre/lib/./libmlib_image.dylib
0x0000000123ac7000 	/System/Library/Frameworks/JavaVM.framework/Versions/A/Frameworks/JavaNativeFoundation.framework/Versions/A/JavaNativeFoundation
0x0000000123adc000 	/System/Library/Frameworks/JavaVM.framework/Versions/A/Frameworks/JavaRuntimeSupport.framework/Versions/A/JavaRuntimeSupport
0x0000000123af7000 	/System/Library/Frameworks/JavaVM.framework/Versions/A/JavaVM
0x0000000123b04000 	/System/Library/PrivateFrameworks/JavaLaunching.framework/Versions/A/JavaLaunching
0x00007fff83648000 	/System/Library/Frameworks/Carbon.framework/Versions/A/Carbon
0x00007fff92416000 	/System/Library/Frameworks/Carbon.framework/Versions/A/Frameworks/CommonPanels.framework/Versions/A/CommonPanels
0x00007fff8869e000 	/System/Library/Frameworks/Carbon.framework/Versions/A/Frameworks/Help.framework/Versions/A/Help
0x00007fff9766d000 	/System/Library/Frameworks/Carbon.framework/Versions/A/Frameworks/ImageCapture.framework/Versions/A/ImageCapture
0x00007fff9623c000 	/System/Library/Frameworks/Carbon.framework/Versions/A/Frameworks/OpenScripting.framework/Versions/A/OpenScripting
0x00007fff8b285000 	/System/Library/Frameworks/Carbon.framework/Versions/A/Frameworks/Print.framework/Versions/A/Print
0x00007fff99969000 	/System/Library/Frameworks/Carbon.framework/Versions/A/Frameworks/SecurityHI.framework/Versions/A/SecurityHI
0x0000000123b10000 	/Library/Java/JavaVirtualMachines/jdk1.8.0_251.jdk/Contents/Home/jre/lib/libawt_lwawt.dylib
0x0000000123bcb000 	/Library/Java/JavaVirtualMachines/jdk1.8.0_251.jdk/Contents/Home/jre/lib/./libosxapp.dylib
0x00007fff85e3a000 	/System/Library/Frameworks/ExceptionHandling.framework/Versions/A/ExceptionHandling
0x00007fff9151c000 	/System/Library/PrivateFrameworks/CoreServicesInternal.framework/Versions/A/CoreServicesInternal
0x00007fff8e413000 	/System/Library/Frameworks/CoreGraphics.framework/Versions/A/Resources/libRIP.A.dylib
0x00007fff8ff46000 	/System/Library/Frameworks/Accelerate.framework/Versions/A/Frameworks/vImage.framework/Versions/A/Libraries/libCGInterfaces.dylib
0x00007fff85235000 	/System/Library/Frameworks/CoreGraphics.framework/Versions/A/Resources/libCGXType.A.dylib
0x00007fff85c5a000 	/System/Library/Frameworks/OpenCL.framework/Versions/A/Libraries/libcldcpuengine.dylib
0x00007fff8e952000 	/System/Library/PrivateFrameworks/DiskImages.framework/Versions/A/DiskImages
0x00007fff89fe0000 	/System/Library/Frameworks/DiscRecording.framework/Versions/A/DiscRecording
0x00007fff83359000 	/usr/lib/libcsfde.dylib
0x00007fff89525000 	/usr/lib/libcurl.4.dylib
0x00007fff97f6b000 	/System/Library/PrivateFrameworks/MediaKit.framework/Versions/A/MediaKit
0x00007fff9391e000 	/System/Library/PrivateFrameworks/ProtectedCloudStorage.framework/Versions/A/ProtectedCloudStorage
0x00007fff886a2000 	/usr/lib/libCoreStorage.dylib
0x00007fff836b3000 	/System/Library/PrivateFrameworks/EFILogin.framework/Versions/A/EFILogin
0x00007fff8a1bf000 	/usr/lib/libutil.dylib
0x00007fff874de000 	/System/Library/PrivateFrameworks/FindMyDevice.framework/Versions/A/FindMyDevice
0x00007fff8a184000 	/System/Library/Frameworks/LDAP.framework/Versions/A/LDAP
0x00007fff91dc1000 	/usr/lib/libsasl2.2.dylib
0x00007fff932b3000 	/System/Library/PrivateFrameworks/CoreDaemon.framework/Versions/B/CoreDaemon
0x00007fff8df8b000 	/usr/lib/libcrypto.0.9.8.dylib
0x00007fff91f0d000 	/System/Library/PrivateFrameworks/AppleSRP.framework/Versions/A/AppleSRP
0x00007fff9796e000 	/System/Library/PrivateFrameworks/TrustEvaluationAgent.framework/Versions/A/TrustEvaluationAgent
0x0000000125269000 	cl_kernels
0x00007fff9232f000 	/System/Library/Frameworks/OpenCL.framework/Versions/A/Libraries/ImageFormats/unorm8_bgra.dylib
0x00007fff8b647000 	/System/Library/Frameworks/OpenCL.framework/Versions/A/Libraries/ImageFormats/unorm8_rgba.dylib
0x00007fff8d25b000 	/System/Library/PrivateFrameworks/FamilyControls.framework/Versions/A/FamilyControls
0x00007fff8feac000 	/System/Library/PrivateFrameworks/CommerceKit.framework/Versions/A/Frameworks/CommerceCore.framework/Versions/A/CommerceCore
0x00007fff8d17c000 	/System/Library/PrivateFrameworks/SystemAdministration.framework/Versions/A/SystemAdministration
0x00007fff90f99000 	/System/Library/PrivateFrameworks/AppContainer.framework/Versions/A/AppContainer
0x00007fff98196000 	/System/Library/PrivateFrameworks/SecCodeWrapper.framework/Versions/A/SecCodeWrapper
0x00007fff8afbb000 	/System/Library/Frameworks/DirectoryService.framework/Versions/A/DirectoryService
0x00007fff85c71000 	/System/Library/PrivateFrameworks/LoginUIKit.framework/Versions/A/Frameworks/LoginUICore.framework/Versions/A/LoginUICore
0x00007fff85e38000 	/usr/lib/libodfde.dylib
0x00000001262b1000 	/Library/Java/JavaVirtualMachines/jdk1.8.0_251.jdk/Contents/Home/jre/lib/libfontmanager.dylib
0x000000012473b000 	/Library/Java/JavaVirtualMachines/jdk1.8.0_251.jdk/Contents/Home/jre/lib/libosxui.dylib
0x00007fff90258000 	/System/Library/Frameworks/OpenGL.framework/Versions/A/Resources/GLEngine.bundle/GLEngine
0x00007fff8a7de000 	/System/Library/Frameworks/OpenGL.framework/Versions/A/Libraries/libGLProgrammability.dylib
0x0000000126d57000 	/System/Library/Extensions/AppleIntelHD5000GraphicsGLDriver.bundle/Contents/MacOS/AppleIntelHD5000GraphicsGLDriver
0x00007fff9996c000 	/System/Library/PrivateFrameworks/GPUSupport.framework/Versions/A/Libraries/libGPUSupportMercury.dylib
0x00007fff894f2000 	/System/Library/Frameworks/OpenGL.framework/Versions/A/Resources/GLRendererFloat.bundle/GLRendererFloat
0x000000012960b000 	/Library/Java/JavaVirtualMachines/jdk1.8.0_251.jdk/Contents/Home/jre/lib/libnet.dylib
0x000000012966a000 	/Library/Java/JavaVirtualMachines/jdk1.8.0_251.jdk/Contents/Home/jre/lib/libnio.dylib
0x00007fff8a1c2000 	/System/Library/Frameworks/ApplicationServices.framework/Versions/A/Frameworks/ATS.framework/Versions/A/Resources/libTrueTypeScaler.dylib
0x000000017ac39000 	/System/Library/Extensions/AppleIntelHD5000GraphicsMTLDriver.bundle/Contents/MacOS/AppleIntelHD5000GraphicsMTLDriver
0x000000017b224000 	/System/Library/CoreServices/Encodings/libCyrillicConverter.dylib
0x00007fff961e9000 	/System/Library/PrivateFrameworks/CloudDocs.framework/Versions/A/CloudDocs
0x00007fff89574000 	/System/Library/PrivateFrameworks/CoreDuet.framework/Versions/A/CoreDuet
0x00007fff87f4a000 	/System/Library/Frameworks/CloudKit.framework/Versions/A/CloudKit
0x00007fff8353c000 	/System/Library/PrivateFrameworks/ProtocolBuffer.framework/Versions/A/ProtocolBuffer
0x00007fff8a09b000 	/System/Library/PrivateFrameworks/CoreDuetDaemonProtocol.framework/Versions/A/CoreDuetDaemonProtocol
0x00007fff928a0000 	/System/Library/PrivateFrameworks/CoreDuetDebugLogging.framework/Versions/A/CoreDuetDebugLogging
0x00007fff909a6000 	/System/Library/PrivateFrameworks/MMCS.framework/Versions/A/MMCS
0x00007fff86e0c000 	/System/Library/Frameworks/CoreLocation.framework/Versions/A/CoreLocation
0x00007fff84a6d000 	/System/Library/PrivateFrameworks/AssetCacheServices.framework/Versions/A/AssetCacheServices
0x00007fff89647000 	/System/Library/PrivateFrameworks/GeoServices.framework/Versions/A/GeoServices

VM Arguments:
jvm_args: -Dfile.encoding=UTF-8 -Duser.country=US -Duser.language=en -Duser.variant 
java_command: FlashRussian.MainFrame
java_class_path (initial): /Users/bcompter/NetBeansProjects/FlashRussian/build/classes/java/main:/Users/bcompter/NetBeansProjects/FlashRussian/build/resources/main
Launcher Type: SUN_STANDARD

Environment Variables:
PATH=/usr/bin:/bin:/usr/sbin:/sbin
SHELL=/bin/bash

Signal Handlers:
SIGSEGV: [libjvm.dylib+0x5bc2ff], sa_mask[0]=11111111011111110111111111111111, sa_flags=SA_ONSTACK|SA_RESTART|SA_SIGINFO
SIGBUS: [libjvm.dylib+0x5bc2ff], sa_mask[0]=11111111011111110111111111111111, sa_flags=SA_RESTART|SA_SIGINFO
SIGFPE: [libjvm.dylib+0x48d41c], sa_mask[0]=11111111011111110111111111111111, sa_flags=SA_RESTART|SA_SIGINFO
SIGPIPE: [libjvm.dylib+0x48d41c], sa_mask[0]=11111111011111110111111111111111, sa_flags=SA_RESTART|SA_SIGINFO
SIGXFSZ: [libjvm.dylib+0x48d41c], sa_mask[0]=11111111011111110111111111111111, sa_flags=SA_RESTART|SA_SIGINFO
SIGILL: [libjvm.dylib+0x48d41c], sa_mask[0]=11111111011111110111111111111111, sa_flags=SA_RESTART|SA_SIGINFO
SIGUSR1: SIG_DFL, sa_mask[0]=00000000000000000000000000000000, sa_flags=none
SIGUSR2: [libjvm.dylib+0x48cf3a], sa_mask[0]=00100000000000000000000000000000, sa_flags=SA_RESTART|SA_SIGINFO
SIGHUP: [libjvm.dylib+0x48b4c5], sa_mask[0]=11111111011111110111111111111111, sa_flags=SA_RESTART|SA_SIGINFO
SIGINT: SIG_IGN, sa_mask[0]=00000000000000000000000000000000, sa_flags=none
SIGTERM: [libjvm.dylib+0x48b4c5], sa_mask[0]=11111111011111110111111111111111, sa_flags=SA_RESTART|SA_SIGINFO
SIGQUIT: [libjvm.dylib+0x48b4c5], sa_mask[0]=11111111011111110111111111111111, sa_flags=SA_RESTART|SA_SIGINFO


---------------  S Y S T E M  ---------------

OS:Bsduname:Darwin 15.6.0 Darwin Kernel Version 15.6.0: Thu Jun 23 18:25:34 PDT 2016; root:xnu-3248.60.10~1/RELEASE_X86_64 x86_64
rlimit: STACK 8192k, CORE 0k, NPROC 709, NOFILE 10240, AS infinity
load average:2.54 3.16 2.92

CPU:total 4 (initial active 4) (2 cores per cpu, 2 threads per core) family 6 model 69 stepping 1, cmov, cx8, fxsr, mmx, sse, sse2, sse3, ssse3, sse4.1, sse4.2, popcnt, avx, avx2, aes, clmul, erms, lzcnt, ht, tsc, tscinvbit, bmi1, bmi2

Memory: 4k page, physical 16777216k(358352k free)

/proc/meminfo:


vm_info: Java HotSpot(TM) 64-Bit Server VM (25.251-b08) for bsd-amd64 JRE (1.8.0_251-b08), built on Mar 12 2020 02:36:37 by "java_re" with gcc 4.2.1 (Based on Apple Inc. build 5658) (LLVM build 2336.11.00)

time: Wed Apr 29 15:28:58 2020
timezone: EDT
elapsed time: 79 seconds (0d 0h 1m 19s)

